This is pdfTeX, Version 3.1415926-2.5-1.40.14 (MiKTeX 2.9) (preloaded format=pdflatex 2014.10.10)  18 DEC 2014 01:02
entering extended mode
**C:/Users/Jon/Desktop/DoubleSlit-ED/Recreating*Young's*Double*Slit*Experiment.
tex

("C:/Users/Jon/Desktop/DoubleSlit-ED/Recreating Young's Double Slit Experiment.
tex"
LaTeX2e <2011/06/27>
Babel <v3.8m> and hyphenation patterns for english, afrikaans, ancientgreek, ar
abic, armenian, assamese, basque, bengali, bokmal, bulgarian, catalan, coptic, 
croatian, czech, danish, dutch, esperanto, estonian, farsi, finnish, french, ga
lician, german, german-x-2013-05-26, greek, gujarati, hindi, hungarian, iceland
ic, indonesian, interlingua, irish, italian, kannada, kurmanji, latin, latvian,
 lithuanian, malayalam, marathi, mongolian, mongolianlmc, monogreek, ngerman, n
german-x-2013-05-26, nynorsk, oriya, panjabi, pinyin, polish, portuguese, roman
ian, russian, sanskrit, serbian, slovak, slovenian, spanish, swedish, swissgerm
an, tamil, telugu, turkish, turkmen, ukenglish, ukrainian, uppersorbian, usengl
ishmax, welsh, loaded.
("C:\Program Files (x86)\MiKTeX 2.9\tex\latex\revtex\revtex4-1.cls"
Document Class: revtex4-1 2010/07/25/20:33:00 4.1r (http://publish.aps.org/revt
ex4/ for documentation)
 Copyright (c) 2009 The American Physical Society.
 mailto:revtex@aps.org
 Licensed under the LPPL:
http://www.ctan.org/tex-archive/macros/latex/base/lppl.txt
 Arthur Ogawa <arthur_ogawa at sbcglobal dot net>
 Based on work by David Carlisle <david at dcarlisle.demon.co.uk>.
ltxutil[2010/07/25/20:33:00 4.1r utilities package (portions licensed from W. E
. Baxter web at superscript.com)]
LaTeX Info: Redefining \@centercr on input line 308.
Class revtex4-1 Info: Repairing broken LaTeX eqnarray on input line 358.
\eqncolsep=\skip41
Class revtex4-1 Info: Repairing hyperref-unfriendly LaTeX definition of \mpfoot
note on input line 433.
Class revtex4-1 Info: Repairing broken LateX \@sect on input line 755.
\intertabularlinepenalty=\count79
\@tbpen=\count80
\@arstrutbox@hline=\box26
Class revtex4-1 Info: Repairing broken LaTeX \@xbitor on input line 1786.
Class revtex4-1 Info: Making \typeout \long on input line 2046.
ltxfront[2010/07/25/20:33:00 4.1r frontmatter package (AO,DPC)]
\c@affil=\count81
\c@collab=\count82
\absbox=\box27
ltxgrid[2010/07/25/20:33:00 4.1r page grid package (portions licensed from W. E
. Baxter web at superscript.com)]
\c@linecount=\count83
\output@latex=\toks14
\box@size@1=\box28
\box@size@2=\box29
\@protection@box=\box30
\@topmark@saved=\toks15
\footins@saved=\box31
\footins@recovered=\box32
\column@recovered=\box33
\pagesofar=\box34
\footsofar=\box35
\pagegrid@col=\count84
Class revtex4-1 Info: Overriding \@vspace, \@vspacer, \@no@pgbk, \@newline, and
 \\  on input line 5578.
\c@part=\count85
\c@section=\count86
\c@subsection=\count87
\c@subsubsection=\count88
\c@paragraph=\count89
\c@subparagraph=\count90
\abovecaptionskip=\skip42
\belowcaptionskip=\skip43
\c@figure=\count91
\fbox@1=\box36
\c@table=\count92
\fbox@2=\box37
\c@video=\count93
\fbox@4=\box38
\@bibdataout=\write3
\widetext@top=\box39
\widetext@bot=\box40

Class revtex4-1 Warning: No Society specified, using default society aps.

("C:\Program Files (x86)\MiKTeX 2.9\tex\latex\revtex\aps4-1.rtx"
File: aps4-1 2010/07/25/20:33:00 4.1r (http://publish.aps.org/revtex4/ for docu
mentation)
Class revtex4-1 Info: RevTeX society APS selected on input line 31.
)
Class revtex4-1 Info: Selecting journal prb on input line 7544.
Class revtex4-1 Info: APS journal PRB selected on input line 7545.

("C:\Program Files (x86)\MiKTeX 2.9\tex\latex\revtex\aps12pt4-1.rtx"
File: aps12pt4-1 2010/07/25/20:33:00 4.1r (http://publish.aps.org/revtex4/ for 
documentation)
Class revtex4-1 Info: RevTeX pointsize 12pt selected on input line 30.
)
("C:\Program Files (x86)\MiKTeX 2.9\tex\latex\textcase\textcase.sty"
Package: textcase 2004/10/07 v0.07 Text only upper/lower case changing (DPC)
)
("C:\Program Files (x86)\MiKTeX 2.9\tex\latex\url\url.sty"
\Urlmuskip=\muskip10
Package: url 2013/09/16  ver 3.4  Verb mode for urls, etc.
)
("C:\Program Files (x86)\MiKTeX 2.9\tex\latex\natbib\natbib.sty"
Package: natbib 2010/09/13 8.31b (PWD, AO)
\bibhang=\skip44
\bibsep=\skip45
LaTeX Info: Redefining \cite on input line 694.
\c@NAT@ctr=\count94
)
Class revtex4-1 Info: Repairing natbib's \BibitemShut on input line 7549.

("C:\Program Files (x86)\MiKTeX 2.9\tex\latex\revtex\revsymb4-1.sty"
Package: revsymb4-1 2010/07/25/20:33:00 4.1r (http://publish.aps.org/revtex4/ f
or documentation)
LaTeX Info: Redefining \REV@mathfrak on input line 119.
))
("C:\Program Files (x86)\MiKTeX 2.9\tex\latex\amsmath\amsmath.sty"
Package: amsmath 2013/01/14 v2.14 AMS math features
\@mathmargin=\skip46

For additional information on amsmath, use the `?' option.
("C:\Program Files (x86)\MiKTeX 2.9\tex\latex\amsmath\amstext.sty"
Package: amstext 2000/06/29 v2.01

("C:\Program Files (x86)\MiKTeX 2.9\tex\latex\amsmath\amsgen.sty"
File: amsgen.sty 1999/11/30 v2.0
\@emptytoks=\toks16
\ex@=\dimen102
)
LaTeX Info: Redefining \text on input line 39.
)
("C:\Program Files (x86)\MiKTeX 2.9\tex\latex\amsmath\amsbsy.sty"
Package: amsbsy 1999/11/29 v1.2d
\pmbraise@=\dimen103
)
("C:\Program Files (x86)\MiKTeX 2.9\tex\latex\amsmath\amsopn.sty"
Package: amsopn 1999/12/14 v2.01 operator names
)
\inf@bad=\count95
LaTeX Info: Redefining \frac on input line 210.
\uproot@=\count96
\leftroot@=\count97
LaTeX Info: Redefining \overline on input line 306.
\classnum@=\count98
\DOTSCASE@=\count99
LaTeX Info: Redefining \ldots on input line 378.
LaTeX Info: Redefining \dots on input line 381.
LaTeX Info: Redefining \cdots on input line 466.
\Mathstrutbox@=\box41
\strutbox@=\box42
\big@size=\dimen104
LaTeX Font Info:    Redeclaring font encoding OML on input line 566.
LaTeX Font Info:    Redeclaring font encoding OMS on input line 567.
\macc@depth=\count100
\c@MaxMatrixCols=\count101
\dotsspace@=\muskip11
\c@parentequation=\count102
\dspbrk@lvl=\count103
\tag@help=\toks17
\row@=\count104
\column@=\count105
\maxfields@=\count106
\andhelp@=\toks18
\eqnshift@=\dimen105
\alignsep@=\dimen106
\tagshift@=\dimen107
\tagwidth@=\dimen108
\totwidth@=\dimen109
\lineht@=\dimen110
\@envbody=\toks19
\multlinegap=\skip47
\multlinetaggap=\skip48
\mathdisplay@stack=\toks20
LaTeX Info: Redefining \[ on input line 2665.
LaTeX Info: Redefining \] on input line 2666.
)
("C:\Program Files (x86)\MiKTeX 2.9\tex\latex\amsfonts\amsfonts.sty"
Package: amsfonts 2013/01/14 v3.01 Basic AMSFonts support
\symAMSa=\mathgroup4
\symAMSb=\mathgroup5
LaTeX Font Info:    Overwriting math alphabet `\mathfrak' in version `bold'
(Font)                  U/euf/m/n --> U/euf/b/n on input line 106.
LaTeX Info: Redefining \frak on input line 111.
LaTeX Info: Redefining \Bbb on input line 113.
)
("C:\Program Files (x86)\MiKTeX 2.9\tex\latex\graphics\graphicx.sty"
Package: graphicx 1999/02/16 v1.0f Enhanced LaTeX Graphics (DPC,SPQR)

("C:\Program Files (x86)\MiKTeX 2.9\tex\latex\graphics\keyval.sty"
Package: keyval 1999/03/16 v1.13 key=value parser (DPC)
\KV@toks@=\toks21
)
("C:\Program Files (x86)\MiKTeX 2.9\tex\latex\graphics\graphics.sty"
Package: graphics 2009/02/05 v1.0o Standard LaTeX Graphics (DPC,SPQR)

("C:\Program Files (x86)\MiKTeX 2.9\tex\latex\graphics\trig.sty"
Package: trig 1999/03/16 v1.09 sin cos tan (DPC)
)
("C:\Program Files (x86)\MiKTeX 2.9\tex\latex\00miktex\graphics.cfg"
File: graphics.cfg 2007/01/18 v1.5 graphics configuration of teTeX/TeXLive
)
Package graphics Info: Driver file: pdftex.def on input line 91.

("C:\Program Files (x86)\MiKTeX 2.9\tex\latex\pdftex-def\pdftex.def"
File: pdftex.def 2011/05/27 v0.06d Graphics/color for pdfTeX

("C:\Program Files (x86)\MiKTeX 2.9\tex\generic\oberdiek\infwarerr.sty"
Package: infwarerr 2010/04/08 v1.3 Providing info/warning/error messages (HO)
)
("C:\Program Files (x86)\MiKTeX 2.9\tex\generic\oberdiek\ltxcmds.sty"
Package: ltxcmds 2011/11/09 v1.22 LaTeX kernel commands for general use (HO)
)
\Gread@gobject=\count107
))
\Gin@req@height=\dimen111
\Gin@req@width=\dimen112
)
("C:\Program Files (x86)\MiKTeX 2.9\tex\latex\graphics\color.sty"
Package: color 2005/11/14 v1.0j Standard LaTeX Color (DPC)

("C:\Program Files (x86)\MiKTeX 2.9\tex\latex\00miktex\color.cfg"
File: color.cfg 2007/01/18 v1.5 color configuration of teTeX/TeXLive
)
Package color Info: Driver file: pdftex.def on input line 130.
)
("C:\Program Files (x86)\MiKTeX 2.9\tex\latex\ulem\ulem.sty"
\UL@box=\box43
\UL@hyphenbox=\box44
\UL@skip=\skip49
\UL@hook=\toks22
\UL@height=\dimen113
\UL@pe=\count108
\UL@pixel=\dimen114
\ULC@box=\box45
Package: ulem 2012/05/18
\ULdepth=\dimen115
)
Class revtex4-1 Info: Patching LaTeX tabular. on input line 10.
Class revtex4-1 Info: Robustifying \LaTeX's \boldmath command on input line 10.

Class revtex4-1 Info: cite was not loaded (OK!) on input line 10.
Class revtex4-1 Info: mcite was not loaded (OK!) on input line 10.
Class revtex4-1 Info: multicol was not loaded (OK!) on input line 10.

("C:\Users\Jon\Desktop\DoubleSlit-ED\Recreating Young's Double Slit Experiment.
aux"

LaTeX Warning: Label `DblIntfr' multiply defined.


LaTeX Warning: Label `alpha' multiply defined.

)
LaTeX Font Info:    Checking defaults for OML/cmm/m/it on input line 10.
LaTeX Font Info:    ... okay on input line 10.
LaTeX Font Info:    Checking defaults for T1/cmr/m/n on input line 10.
LaTeX Font Info:    ... okay on input line 10.
LaTeX Font Info:    Checking defaults for OT1/cmr/m/n on input line 10.
LaTeX Font Info:    ... okay on input line 10.
LaTeX Font Info:    Checking defaults for OMS/cmsy/m/n on input line 10.
LaTeX Font Info:    ... okay on input line 10.
LaTeX Font Info:    Checking defaults for OMX/cmex/m/n on input line 10.
LaTeX Font Info:    ... okay on input line 10.
LaTeX Font Info:    Checking defaults for U/cmr/m/n on input line 10.
LaTeX Font Info:    ... okay on input line 10.
 ("C:\Program Files (x86)\MiKTeX 2.9\tex\context\base\supp-pdf.mkii"
[Loading MPS to PDF converter (version 2006.09.02).]
\scratchcounter=\count109
\scratchdimen=\dimen116
\scratchbox=\box46
\nofMPsegments=\count110
\nofMParguments=\count111
\everyMPshowfont=\toks23
\MPscratchCnt=\count112
\MPscratchDim=\dimen117
\MPnumerator=\count113
\makeMPintoPDFobject=\count114
\everyMPtoPDFconversion=\toks24
)
LaTeX Font Info:    Try loading font information for U+msa on input line 32.
 ("C:\Program Files (x86)\MiKTeX 2.9\tex\latex\amsfonts\umsa.fd"
File: umsa.fd 2013/01/14 v3.01 AMS symbols A
)
LaTeX Font Info:    Try loading font information for U+msb on input line 32.

("C:\Program Files (x86)\MiKTeX 2.9\tex\latex\amsfonts\umsb.fd"
File: umsb.fd 2013/01/14 v3.01 AMS symbols B
) [1{C:/ProgramData/MiKTeX/2.9/pdftex/config/pdftex.map}]
Missing character: There is no â in font cmr12!
Missing character: There is no € in font cmr12!
Missing character: There is no “ in font cmr12!

<DoubleSlitPicsStudyPhysicsCa.png, id=12, 350.05782pt x 353.06906pt>
File: DoubleSlitPicsStudyPhysicsCa.png Graphic file (type png)

<use DoubleSlitPicsStudyPhysicsCa.png>
Package pdftex.def Info: DoubleSlitPicsStudyPhysicsCa.png used on input line 45
.
(pdftex.def)             Requested size: 433.62pt x 437.38089pt.


LaTeX Warning: `!h' float specifier changed to `!ht'.

Missing character: There is no â in font cmr12!
Missing character: There is no € in font cmr12!
Missing character: There is no “ in font cmr12!
Missing character: There is no â in font cmr12!
Missing character: There is no € in font cmr12!
Missing character: There is no “ in font cmr12!
Missing character: There is no â in font cmr12!
Missing character: There is no € in font cmr12!
Missing character: There is no “ in font cmr12!
Missing character: There is no â in font cmr12!
Missing character: There is no € in font cmr12!
Missing character: There is no “ in font cmr12!
[2] [3 <C:/Users/Jon/Desktop/DoubleSlit-ED/DoubleSlitPicsStudyPhysicsCa.png>]
<apparatus.pdf, id=21, 794.97pt x 614.295pt>
File: apparatus.pdf Graphic file (type pdf)
 <use apparatus.pdf>
Package pdftex.def Info: apparatus.pdf used on input line 73.
(pdftex.def)             Requested size: 433.62pt x 335.07939pt.


LaTeX Warning: `!h' float specifier changed to `!ht'.


LaTeX Warning: Reference `signaltonoise' on page 4 undefined on input line 81.

<signaltonoise.pdf, id=22, 861.2175pt x 348.30125pt>
File: signaltonoise.pdf Graphic file (type pdf)
 <use signaltonoise.pdf>
Package pdftex.def Info: signaltonoise.pdf used on input line 85.
(pdftex.def)             Requested size: 433.62pt x 175.37256pt.


LaTeX Warning: `!h' float specifier changed to `!ht'.

[4] [5 <C:/Users/Jon/Desktop/DoubleSlit-ED/apparatus.pdf>]
<doubleslit.pdf, id=76, 361.35pt x 203.76125pt>
File: doubleslit.pdf Graphic file (type pdf)
 <use doubleslit.pdf>
Package pdftex.def Info: doubleslit.pdf used on input line 98.
(pdftex.def)             Requested size: 433.62pt x 244.51537pt.


LaTeX Warning: `!h' float specifier changed to `!ht'.

<singlenear.pdf, id=77, 361.35pt x 206.7725pt>
File: singlenear.pdf Graphic file (type pdf)
 <use singlenear.pdf>
Package pdftex.def Info: singlenear.pdf used on input line 107.
(pdftex.def)             Requested size: 433.62pt x 248.1289pt.


LaTeX Warning: `!h' float specifier changed to `!ht'.

<singlefar.pdf, id=78, 361.35pt x 203.76125pt>
File: singlefar.pdf Graphic file (type pdf)
 <use singlefar.pdf>
Package pdftex.def Info: singlefar.pdf used on input line 114.
(pdftex.def)             Requested size: 433.62pt x 244.51537pt.


LaTeX Warning: `!h' float specifier changed to `!ht'.

[6 <C:/Users/Jon/Desktop/DoubleSlit-ED/signaltonoise.pdf>] [7 <C:/Users/Jon/Des
ktop/DoubleSlit-ED/doubleslit.pdf> <C:/Users/Jon/Desktop/DoubleSlit-ED/singlene
ar.pdf>] [8 <C:/Users/Jon/Desktop/DoubleSlit-ED/singlefar.pdf>]
<doublefraun1.pdf, id=106, 361.35pt x 201.75375pt>
File: doublefraun1.pdf Graphic file (type pdf)
 <use doublefraun1.pdf>
Package pdftex.def Info: doublefraun1.pdf used on input line 130.
(pdftex.def)             Requested size: 433.62pt x 242.10635pt.

<doublefraun2.pdf, id=107, 361.35pt x 208.78pt>
File: doublefraun2.pdf Graphic file (type pdf)
 <use doublefraun2.pdf>
Package pdftex.def Info: doublefraun2.pdf used on input line 137.
(pdftex.def)             Requested size: 433.62pt x 250.5379pt.


LaTeX Warning: `!h' float specifier changed to `!ht'.

<doublefraun3.pdf, id=108, 361.35pt x 208.78pt>
File: doublefraun3.pdf Graphic file (type pdf)
 <use doublefraun3.pdf>
Package pdftex.def Info: doublefraun3.pdf used on input line 144.
(pdftex.def)             Requested size: 433.62pt x 250.5379pt.


LaTeX Warning: `!h' float specifier changed to `!ht'.

[9 <C:/Users/Jon/Desktop/DoubleSlit-ED/doublefraun1.pdf>] [10 <C:/Users/Jon/Des
ktop/DoubleSlit-ED/doublefraun2.pdf> <C:/Users/Jon/Desktop/DoubleSlit-ED/double
fraun3.pdf>] <fresnelsetup.pdf, id=148, 794.97pt x 614.295pt>
File: fresnelsetup.pdf Graphic file (type pdf)

<use fresnelsetup.pdf>
Package pdftex.def Info: fresnelsetup.pdf used on input line 189.
(pdftex.def)             Requested size: 433.62pt x 335.07939pt.


LaTeX Warning: `!h' float specifier changed to `!ht'.

<doublefresnel1.pdf, id=149, 361.35pt x 201.75375pt>
File: doublefresnel1.pdf Graphic file (type pdf)
 <use doublefresnel1.pdf>
Package pdftex.def Info: doublefresnel1.pdf used on input line 196.
(pdftex.def)             Requested size: 433.62pt x 242.10635pt.


LaTeX Warning: `!h' float specifier changed to `!ht'.

<doublefresnel2.pdf, id=150, 361.35pt x 201.75375pt>
File: doublefresnel2.pdf Graphic file (type pdf)
 <use doublefresnel2.pdf>
Package pdftex.def Info: doublefresnel2.pdf used on input line 203.
(pdftex.def)             Requested size: 433.62pt x 242.10635pt.


LaTeX Warning: `!h' float specifier changed to `!ht'.

<doublefresnel3.pdf, id=151, 361.35pt x 201.75375pt>
File: doublefresnel3.pdf Graphic file (type pdf)
 <use doublefresnel3.pdf>
Package pdftex.def Info: doublefresnel3.pdf used on input line 210.
(pdftex.def)             Requested size: 433.62pt x 242.10635pt.


LaTeX Warning: `!h' float specifier changed to `!ht'.

[11] [12 <C:/Users/Jon/Desktop/DoubleSlit-ED/fresnelsetup.pdf>]
<nearfraun.pdf, id=197, 361.35pt x 203.76125pt>
File: nearfraun.pdf Graphic file (type pdf)
 <use nearfraun.pdf>
Package pdftex.def Info: nearfraun.pdf used on input line 250.
(pdftex.def)             Requested size: 433.62pt x 244.51537pt.


LaTeX Warning: `!h' float specifier changed to `!ht'.

<farfraun.pdf, id=198, 361.35pt x 201.75375pt>
File: farfraun.pdf Graphic file (type pdf)
 <use farfraun.pdf>
Package pdftex.def Info: farfraun.pdf used on input line 257.
(pdftex.def)             Requested size: 433.62pt x 242.10635pt.


LaTeX Warning: `!h' float specifier changed to `!ht'.

[13 <C:/Users/Jon/Desktop/DoubleSlit-ED/doublefresnel1.pdf> <C:/Users/Jon/Deskt
op/DoubleSlit-ED/doublefresnel2.pdf>] [14 <C:/Users/Jon/Desktop/DoubleSlit-ED/d
oublefresnel3.pdf> <C:/Users/Jon/Desktop/DoubleSlit-ED/nearfraun.pdf>] [15 <C:/
Users/Jon/Desktop/DoubleSlit-ED/farfraun.pdf>]
<DoubleSlitFraun1.pdf, id=259, 614.295pt x 794.97pt>
File: DoubleSlitFraun1.pdf Graphic file (type pdf)

<use DoubleSlitFraun1.pdf>
Package pdftex.def Info: DoubleSlitFraun1.pdf used on input line 283.
(pdftex.def)             Requested size: 433.62pt x 561.15749pt.


LaTeX Warning: `!h' float specifier changed to `!ht'.

<DoubleSlitFraun2.pdf, id=260, 614.295pt x 794.97pt>
File: DoubleSlitFraun2.pdf Graphic file (type pdf)

<use DoubleSlitFraun2.pdf>
Package pdftex.def Info: DoubleSlitFraun2.pdf used on input line 290.
(pdftex.def)             Requested size: 433.62pt x 561.15749pt.


LaTeX Warning: `!h' float specifier changed to `!ht'.

<DoubleSlitFraun3.pdf, id=261, 614.295pt x 794.97pt>
File: DoubleSlitFraun3.pdf Graphic file (type pdf)

<use DoubleSlitFraun3.pdf>
Package pdftex.def Info: DoubleSlitFraun3.pdf used on input line 298.
(pdftex.def)             Requested size: 433.62pt x 561.15749pt.


LaTeX Warning: `!h' float specifier changed to `!ht'.

<DoubleSlitFresnel1.pdf, id=262, 614.295pt x 794.97pt>
File: DoubleSlitFresnel1.pdf Graphic file (type pdf)

<use DoubleSlitFresnel1.pdf>
Package pdftex.def Info: DoubleSlitFresnel1.pdf used on input line 305.
(pdftex.def)             Requested size: 433.62pt x 561.15749pt.


LaTeX Warning: `!h' float specifier changed to `!ht'.

<DoubleSlitFresnel2.pdf, id=263, 614.295pt x 794.97pt>
File: DoubleSlitFresnel2.pdf Graphic file (type pdf)

<use DoubleSlitFresnel2.pdf>
Package pdftex.def Info: DoubleSlitFresnel2.pdf used on input line 312.
(pdftex.def)             Requested size: 433.62pt x 561.15749pt.


LaTeX Warning: `!h' float specifier changed to `!ht'.

<DoubleSlitFresnel3.pdf, id=264, 614.295pt x 794.97pt>
File: DoubleSlitFresnel3.pdf Graphic file (type pdf)

<use DoubleSlitFresnel3.pdf>
Package pdftex.def Info: DoubleSlitFresnel3.pdf used on input line 319.
(pdftex.def)             Requested size: 433.62pt x 561.15749pt.


LaTeX Warning: `!h' float specifier changed to `!ht'.

<SingleNearFraun.pdf, id=265, 614.295pt x 794.97pt>
File: SingleNearFraun.pdf Graphic file (type pdf)
 <use SingleNearFraun.pdf>
Package pdftex.def Info: SingleNearFraun.pdf used on input line 326.
(pdftex.def)             Requested size: 433.62pt x 561.15749pt.


LaTeX Warning: `!h' float specifier changed to `!ht'.

<SingleFarFraun.pdf, id=266, 614.295pt x 794.97pt>
File: SingleFarFraun.pdf Graphic file (type pdf)
 <use SingleFarFraun.pdf>
Package pdftex.def Info: SingleFarFraun.pdf used on input line 333.
(pdftex.def)             Requested size: 433.62pt x 561.15749pt.


LaTeX Warning: `!h' float specifier changed to `!ht'.

[16] [17 <C:/Users/Jon/Desktop/DoubleSlit-ED/DoubleSlitFraun1.pdf>] [18 <C:/Use
rs/Jon/Desktop/DoubleSlit-ED/DoubleSlitFraun2.pdf>] [19 <C:/Users/Jon/Desktop/D
oubleSlit-ED/DoubleSlitFraun3.pdf>] [20 <C:/Users/Jon/Desktop/DoubleSlit-ED/Dou
bleSlitFresnel1.pdf>] [21 <C:/Users/Jon/Desktop/DoubleSlit-ED/DoubleSlitFresnel
2.pdf>] [22 <C:/Users/Jon/Desktop/DoubleSlit-ED/DoubleSlitFresnel3.pdf>]
[23 <C:/Users/Jon/Desktop/DoubleSlit-ED/SingleNearFraun.pdf>] [24 <C:/Users/Jon
/Desktop/DoubleSlit-ED/SingleFarFraun.pdf>]
("C:\Users\Jon\Desktop\DoubleSlit-ED\Recreating Young's Double Slit Experiment.
bbl") [25]
("C:\Users\Jon\Desktop\DoubleSlit-ED\Recreating Young's Double Slit Experiment.
aux")

LaTeX Warning: There were undefined references.


LaTeX Warning: There were multiply-defined labels.

 ) 
Here is how much of TeX's memory you used:
 4091 strings out of 493921
 54125 string characters out of 3144881
 124664 words of memory out of 3000000
 7332 multiletter control sequences out of 15000+200000
 12665 words of font info for 49 fonts, out of 3000000 for 9000
 841 hyphenation exceptions out of 8191
 37i,8n,30p,1477b,391s stack positions out of 5000i,500n,10000p,200000b,50000s
<C:/Program Files (x86)/MiKTeX 2.9/fonts/type1/public/amsfonts/cm/cmbx10.pfb>
<C:/Program Files (x86)/MiKTeX 2.9/fonts/type1/public/amsfonts/cm/cmbx12.pfb><C
:/Program Files (x86)/MiKTeX 2.9/fonts/type1/public/amsfonts/cm/cmex10.pfb><C:/
Program Files (x86)/MiKTeX 2.9/fonts/type1/public/amsfonts/cm/cmmi10.pfb><C:/Pr
ogram Files (x86)/MiKTeX 2.9/fonts/type1/public/amsfonts/cm/cmmi12.pfb><C:/Prog
ram Files (x86)/MiKTeX 2.9/fonts/type1/public/amsfonts/cm/cmmi6.pfb><C:/Program
 Files (x86)/MiKTeX 2.9/fonts/type1/public/amsfonts/cm/cmmi8.pfb><C:/Program Fi
les (x86)/MiKTeX 2.9/fonts/type1/public/amsfonts/cm/cmr10.pfb><C:/Program Files
 (x86)/MiKTeX 2.9/fonts/type1/public/amsfonts/cm/cmr12.pfb><C:/Program Files (x
86)/MiKTeX 2.9/fonts/type1/public/amsfonts/cm/cmr6.pfb><C:/Program Files (x86)/
MiKTeX 2.9/fonts/type1/public/amsfonts/cm/cmr8.pfb><C:/Program Files (x86)/MiKT
eX 2.9/fonts/type1/public/amsfonts/cm/cmsy10.pfb><C:/Program Files (x86)/MiKTeX
 2.9/fonts/type1/public/amsfonts/cm/cmsy6.pfb><C:/Program Files (x86)/MiKTeX 2.
9/fonts/type1/public/amsfonts/cm/cmsy8.pfb><C:/Program Files (x86)/MiKTeX 2.9/f
onts/type1/public/amsfonts/cm/cmti10.pfb><C:/Program Files (x86)/MiKTeX 2.9/fon
ts/type1/public/amsfonts/cm/cmti12.pfb><C:/Program Files (x86)/MiKTeX 2.9/fonts
/type1/public/amsfonts/cm/cmtt10.pfb>
Output written on "Recreating Young's Double Slit Experiment.pdf" (25 pages, 26
81220 bytes).
PDF statistics:
 604 PDF objects out of 1000 (max. 8388607)
 0 named destinations out of 1000 (max. 500000)
 116 words of extra memory for PDF output out of 10000 (max. 10000000)

